{
    "log_id": 1,
    "Details": {
        "function_name": "make_request",
        "purpose": "Download files from Github",
        "about": {
            "status_code": 200,
            "status": "completed",
            "message": "",
            "error": "",
            "log_type": "info"
        }
    },
    "execution_time": "2024-09-10 17:57:00-368009"
}
 ---------------------  * * * *  ---------------------
{
    "log_id": 2,
    "Details": {
        "function_name": "make_request",
        "purpose": "Download files from Github",
        "about": {
            "status_code": 200,
            "status": "completed",
            "message": "",
            "error": "",
            "log_type": "info"
        }
    },
    "execution_time": "2024-09-10 17:57:00-900781"
}
 ---------------------  * * * *  ---------------------
{
    "log_id": 3,
    "Details": {
        "function_name": "make_request",
        "purpose": "Download files from Github",
        "about": {
            "status_code": 200,
            "status": "completed",
            "message": "",
            "error": "",
            "log_type": "info"
        }
    },
    "execution_time": "2024-09-10 17:57:01-480671"
}
 ---------------------  * * * *  ---------------------
{
    "log_id": 4,
    "Details": {
        "function_name": "make_request",
        "purpose": "Download files from Github",
        "about": {
            "status_code": 200,
            "status": "completed",
            "message": "",
            "error": "",
            "log_type": "info"
        }
    },
    "execution_time": "2024-09-10 17:57:02-080783"
}
 ---------------------  * * * *  ---------------------
{
    "log_id": 5,
    "Details": {
        "function_name": "get_file_from_github",
        "purpose": "Download files from Github and load into DBFS",
        "about": {
            "status_code": "N/A",
            "status": "completed",
            "message": "",
            "error": "",
            "log_type": "info"
        }
    },
    "execution_time": "2024-09-10 17:57:02-183505"
}
 ---------------------  * * * *  ---------------------
{
    "log_id": 6,
    "Details": {
        "function_name": "add_genre_columns",
        "purpose": "Add genre indicator columns",
        "about": {
            "status_code": "N/A",
            "status": "completed",
            "message": "all genre columns added successfully",
            "error": "",
            "log_type": "info"
        }
    },
    "execution_time": "2024-09-10 17:57:07-564015"
}
 ---------------------  * * * *  ---------------------
{
    "log_id": 7,
    "Details": {
        "function_name": "ETL_Validation",
        "purpose": "Handle null values and validate DF",
        "about": {
            "status_code": "N/A",
            "status": "completed",
            "message": "",
            "error": "",
            "log_type": "info"
        }
    },
    "execution_time": "2024-09-10 17:57:07-682094"
}
 ---------------------  * * * *  ---------------------
{
    "log_id": 8,
    "Details": {
        "function_name": "ETL_Load_data_to_snowflake",
        "purpose": "Load processed data into Snowflake",
        "about": {
            "status_code": "N/A",
            "status": "Done",
            "message": "",
            "error": "",
            "log_type": "info"
        }
    },
    "execution_time": "2024-09-10 17:57:18-861308"
}
 ---------------------  * * * *  ---------------------
{
    "log_id": 9,
    "Details": {
        "function_name": "Main PipeLine",
        "purpose": "",
        "about": {
            "status_code": "N/A",
            "status": "completed",
            "message": "Pipeline executed succesfully",
            "error": "",
            "log_type": "info"
        }
    },
    "execution_time": "2024-09-10 17:57:18-861624"
}
 ---------------------  * * * *  ---------------------
